{
  "stats": {
    "suites": 1,
    "tests": 1,
    "passes": 1,
    "pending": 0,
    "failures": 0,
    "start": "2024-12-04T06:56:48.306Z",
    "end": "2024-12-04T06:57:26.708Z",
    "duration": 38402,
    "testsRegistered": 1,
    "passPercent": 100,
    "pendingPercent": 0,
    "other": 0,
    "hasOther": false,
    "skipped": 0,
    "hasSkipped": false
  },
  "results": [
    {
      "uuid": "2d9ab999-bc41-44bf-846a-3e8f299474ed",
      "title": "",
      "fullFile": "C:\\Users\\deast\\Work\\Upbond\\upbond_DJ\\e2e_kajima\\test\\login_prod.js",
      "file": "\\login_prod.js",
      "beforeHooks": [],
      "afterHooks": [],
      "tests": [],
      "suites": [
        {
          "uuid": "6bf3a21a-a3c3-4471-b2b8-f34fd51af9cb",
          "title": "E2E UPBOND Kajima PROD",
          "fullFile": "C:\\Users\\deast\\Work\\Upbond\\upbond_DJ\\e2e_kajima\\test\\login_prod.js",
          "file": "\\login_prod.js",
          "beforeHooks": [],
          "afterHooks": [],
          "tests": [
            {
              "title": "01. Login Existing User & Check Dashboard",
              "fullTitle": "E2E UPBOND Kajima PROD 01. Login Existing User & Check Dashboard",
              "timedOut": false,
              "duration": 38394,
              "state": "passed",
              "speed": "slow",
              "pass": true,
              "fail": false,
              "pending": false,
              "context": null,
              "code": "const chai = await import('chai');\nchai.should();\nlet driver = await new Builder().forBrowser('chrome').build();\n//https://kjm-gohey.jp/?site_id=1\n//deasty.jesica@upbond.io\n//Deasty Admin\n//wallet address 0x6818Ce225e26Ae15540CB0A12CF85E4596F9387f\n//didkey zQ3shq8KmkFUmzNcKVNoCcpV9mzCWdihLQJ2jxdq3hjwNdpDy\n//https://kjm-gohey.jp/?site_id=1\n//deastyj@gmail.com\n//lineid U365344b25bec3570737a4534dcd5de9f\n//wallet address 0xf4FE7d4270f03c4cC0F64f4ab2DFF7fD787eDAF1\n// didkey zQ3shoKZyprpSFeHxgkBezCmVA4Vj5T979dspmhffb5xhbZDX\nawait driver.get('https://kjm-gohey.jp/');\nawait driver.manage().window().maximize();\nawait driver.sleep(10000);\nawait driver.findElement(By.xpath(\"//button[contains(@class,'rounded-lg bg-[#002076] px-4 py-2 text-white')]\")).click();\nawait driver.sleep(500);\nawait driver.findElement(By.xpath(\"//span[@class='btn-social__text new-style-button-text']\")).click();\nawait driver.wait(until.elementLocated(By.xpath('//div/input[@type=\"text\" and @placeholder=\"Email address\"]')), 10000);\nawait driver.findElement(By.xpath('//div/input[@type=\"text\" and @placeholder=\"Email address\"]')).sendKeys(credentials.USRLINE_deastyj);\nawait driver.sleep(500);\nawait driver.findElement(By.xpath(\"//input[@name='tpasswd']\")).sendKeys(credentials.PWDLINE);\nawait driver.sleep(500);\nawait driver.findElement(By.xpath(\"//button[@type='submit']\")).click();\nawait driver.sleep(20000);\nawait driver.wait(until.elementLocated(By.xpath('//p[text()=\"現在の保有ポイント\"]')), 20000);\n\nawait driver.sleep(500);\nawait driver.quit();\n        \n        // //checking siteID\n        // await driver.wait(until.elementLocated(By.xpath('//p[text()=\"テスト用現場\"]')));\n        // await driver.quit();\n\n        // //Go to Mission\n        // await driver.findElement(By.xpath('//a[@href=\"/missions\"]')).click();\n        // //await driver.wait(until.elementLocated(By.xpath(\"//div[@class='flex h-[80px] flex-col items-center justify-center bg-[#002076] pt-1']\"))).click();\n        // await driver.sleep(500);\n\n        // // Go to Gacha\n        // await driver.findElement(By.xpath('//a[@href=\"/gacha\"]')).click();\n        // await driver.sleep(500);\n\n        // let gachascroll = await driver.findElement(By.xpath('//span[text()=\"ガチャを回す\"]'));\n        // await driver.executeScript(\"arguments[0].scrollIntoView(true);\", gachascroll); \n        // //await driver.executeScript(driver.findElement(By.xpath('//span[text()=\"ガチャを回す\"]')).click());\n        // await driver.sleep(20000);\n        // await driver.quit();",
              "err": {},
              "uuid": "4d36422e-97da-4b8c-a5c0-ee4b914b8c0f",
              "parentUUID": "6bf3a21a-a3c3-4471-b2b8-f34fd51af9cb",
              "isHook": false,
              "skipped": false
            }
          ],
          "suites": [],
          "passes": [
            "4d36422e-97da-4b8c-a5c0-ee4b914b8c0f"
          ],
          "failures": [],
          "pending": [],
          "skipped": [],
          "duration": 38394,
          "root": false,
          "rootEmpty": false,
          "_timeout": 0
        }
      ],
      "passes": [],
      "failures": [],
      "pending": [],
      "skipped": [],
      "duration": 0,
      "root": true,
      "rootEmpty": true,
      "_timeout": 0
    }
  ],
  "meta": {
    "mocha": {
      "version": "10.5.2"
    },
    "mochawesome": {
      "options": {
        "quiet": false,
        "reportFilename": "mochawesome",
        "saveHtml": true,
        "saveJson": true,
        "consoleReporter": "spec",
        "useInlineDiffs": false,
        "code": true
      },
      "version": "7.1.3"
    },
    "marge": {
      "options": {
        "reportDir": "C:/Users/deast/Work/Upbond/upbond_DJ/e2e_kajima/report_result/login_prod"
      },
      "version": "6.2.0"
    }
  }
}